\BOOKMARK [0][-]{section*.4}{\376\377\176\352\213\272}{}% 1
\BOOKMARK [0][-]{chapter.1}{\376\377\162\171\155\033\117\012\147\050\232\154\166\204\163\260\162\266}{}% 2
\BOOKMARK [1][-]{section.1.1}{\376\377\147\050\232\154\166\204\133\232\116\111}{chapter.1}% 3
\BOOKMARK [1][-]{section.1.2}{\376\377\147\050\232\154\166\204\162\171\160\271}{chapter.1}% 4
\BOOKMARK [1][-]{section.1.3}{\376\377\172\177\130\231\147\050\232\154\142\200\147\057\142\113\153\265}{chapter.1}% 5
\BOOKMARK [0][-]{chapter.2}{\376\377\226\062\160\153\130\231\142\200\147\057}{}% 6
\BOOKMARK [1][-]{section.2.1}{\376\377\162\266\140\001\166\321\155\113\226\062\160\153\130\231}{chapter.2}% 7
\BOOKMARK [1][-]{section.2.2}{\376\377\123\005\217\307\156\344\226\062\160\153\130\231}{chapter.2}% 8
\BOOKMARK [1][-]{section.2.3}{\376\377\136\224\165\050\127\213\226\062\160\153\130\231}{chapter.2}% 9
\BOOKMARK [0][-]{chapter.3}{\376\377\124\016\225\350\166\204\135\345\117\134\123\237\164\006\116\016\122\006\147\220}{}% 10
\BOOKMARK [1][-]{section.3.1}{\376\377\116\073\121\375\145\160\166\204\135\345\117\134\123\237\164\006\123\312\133\236\163\260}{chapter.3}% 11
\BOOKMARK [1][-]{section.3.2}{\376\377\147\015\122\241\172\357\122\237\200\375\166\204\133\236\163\260}{chapter.3}% 12
\BOOKMARK [2][-]{subsection.3.2.1}{\376\377\217\336\143\245\123\302\145\160\221\115\177\156\121\375\145\160\166\204\135\345\117\134\123\237\164\006\124\214\133\236\163\260}{section.3.2}% 13
\BOOKMARK [2][-]{subsection.3.2.2}{\376\377\145\160\143\156\131\004\164\006\121\375\145\160\166\204\135\345\117\134\123\237\164\006\124\214\133\236\163\260}{section.3.2}% 14
\BOOKMARK [2][-]{subsection.3.2.3}{\376\377\116\073\121\375\145\160\166\204\135\345\117\134\123\237\164\006\116\016\133\236\163\260}{section.3.2}% 15
\BOOKMARK [1][-]{section.3.3}{\376\377\133\242\142\067\172\357\123\237\164\006\116\016\133\236\163\260}{chapter.3}% 16
\BOOKMARK [2][-]{subsection.3.3.1}{\376\377\217\336\143\245\147\015\122\241\126\150\121\375\145\160\166\204\135\345\117\134\123\237\164\006\116\016\133\236\163\260}{section.3.3}% 17
\BOOKMARK [2][-]{subsection.3.3.2}{\376\377\220\000\121\372\123\312\201\352\153\301\121\375\145\160\166\204\135\345\117\134\123\237\164\006\116\016\133\236\163\260}{section.3.3}% 18
\BOOKMARK [2][-]{subsection.3.3.3}{\376\377\131\004\164\006\147\015\122\241\126\150\124\175\116\344\121\375\145\160\135\345\117\134\123\237\164\006\116\016\133\236\163\260}{section.3.3}% 19
\BOOKMARK [0][-]{chapter.4}{\376\377\155\113\213\325\116\016\117\177\165\050}{}% 20
\BOOKMARK [1][-]{section.4.1}{\376\377\000M\000a\000c\000\040\000O\000S\163\257\130\203\116\013\155\113\213\325}{chapter.4}% 21
\BOOKMARK [1][-]{section.4.2}{\376\377\000L\000i\000n\000u\000x\163\257\130\203\116\013\155\113\213\325}{chapter.4}% 22
\BOOKMARK [1][-]{section.4.3}{\376\377\000W\000i\000n\000d\000o\000w\000s\163\257\130\203\116\013\155\113\213\325}{chapter.4}% 23
\BOOKMARK [2][-]{subsection.4.3.1}{\376\377\000W\000i\000n\000d\000o\000w\000s\000\040\0001\0000\163\257\130\203\155\113\213\325}{section.4.3}% 24
\BOOKMARK [2][-]{subsection.4.3.2}{\376\377\000W\000i\000n\000d\000o\000w\000s\000\040\000S\000e\000r\000v\000e\000r\000\040\0002\0000\0001\0002\000\040\000R\0002\163\257\130\203\155\113\213\325}{section.4.3}% 25
\BOOKMARK [0][-]{chapter.5}{\376\377\140\073\176\323}{}% 26
\BOOKMARK [1][-]{section.5.1}{\376\377\135\345\117\134\140\073\176\323}{chapter.5}% 27
\BOOKMARK [1][-]{section.5.2}{\376\377\217\333\116\000\153\145\170\024\172\166\145\271\124\021}{chapter.5}% 28
\BOOKMARK [2][-]{subsection.5.2.1}{\376\377\226\220\205\075\140\047}{section.5.2}% 29
\BOOKMARK [2][-]{subsection.5.2.2}{\376\377\217\320\210\114\163\257\130\203\211\201\154\102}{section.5.2}% 30
\BOOKMARK [0][-]{subsection.5.2.2}{\376\377\123\302\200\003\145\207\163\056}{}% 31
\BOOKMARK [0][-]{chapter*.25}{\376\377\226\104\137\125\000\040}{}% 32
\BOOKMARK [0][-]{section*.27}{\376\377\201\364\214\042}{}% 33
