\BOOKMARK [0][-]{section*.6}{\376\377\176\352\213\272}{}% 1
\BOOKMARK [0][-]{chapter.1}{\376\377\152\041\147\177\166\204\117\177\165\050\213\364\146\016}{}% 2
\BOOKMARK [1][-]{section.1.1}{\376\377\117\177\165\050\166\204\122\115\143\320}{chapter.1}% 3
\BOOKMARK [1][-]{section.1.2}{\376\377\121\340\160\271\213\364\146\016}{chapter.1}% 4
\BOOKMARK [2][-]{subsection.1.2.1}{\376\377\155\113\213\325}{section.1.2}% 5
\BOOKMARK [0][-]{chapter.2}{\376\377\213\272\145\207\123\160\210\305}{}% 6
\BOOKMARK [1][-]{section.2.1}{\376\377\133\146\147\057\124\015\213\315}{chapter.2}% 7
\BOOKMARK [1][-]{section.2.2}{\376\377\162\151\164\006\221\317\124\015\171\360\060\001\173\046\123\367\116\016\213\241\221\317}{chapter.2}% 8
\BOOKMARK [1][-]{section.2.3}{\376\377\145\160\133\127}{chapter.2}% 9
\BOOKMARK [1][-]{section.2.4}{\376\377\121\154\137\017}{chapter.2}% 10
\BOOKMARK [2][-]{subsection.2.4.1}{\376\377\131\032\210\114\121\154\137\017\171\072\117\213}{section.2.4}% 11
\BOOKMARK [1][-]{section.2.5}{\376\377\173\227\154\325}{chapter.2}% 12
\BOOKMARK [1][-]{section.2.6}{\376\377\210\150\150\074}{chapter.2}% 13
\BOOKMARK [1][-]{section.2.7}{\376\377\143\322\126\376}{chapter.2}% 14
\BOOKMARK [1][-]{section.2.8}{\376\377\154\350\221\312}{chapter.2}% 15
\BOOKMARK [1][-]{section.2.9}{\376\377\123\302\167\013\145\207\163\056\116\016\137\025\165\050}{chapter.2}% 16
\BOOKMARK [0][-]{chapter.3}{\376\377\213\272\145\207\176\323\147\204\123\312\211\201\154\102}{}% 17
\BOOKMARK [1][-]{section.3.1}{\376\377\153\325\116\032\213\272\145\207\000\050\213\276\213\241\000\051\134\001\227\142}{chapter.3}% 18
\BOOKMARK [1][-]{section.3.2}{\376\377\213\332\117\341\142\177\213\372\116\146}{chapter.3}% 19
\BOOKMARK [1][-]{section.3.3}{\376\377\116\055\202\361\145\207\144\130\211\201\123\312\121\163\225\056\213\315}{chapter.3}% 20
\BOOKMARK [1][-]{section.3.4}{\376\377\166\356\137\125}{chapter.3}% 21
\BOOKMARK [1][-]{section.3.5}{\376\377\153\143\145\207}{chapter.3}% 22
\BOOKMARK [1][-]{section.3.6}{\376\377\123\302\200\003\145\207\163\056}{chapter.3}% 23
\BOOKMARK [1][-]{section.3.7}{\376\377\226\104\137\125}{chapter.3}% 24
\BOOKMARK [1][-]{section.3.8}{\376\377\201\364\214\042}{chapter.3}% 25
\BOOKMARK [1][-]{section.3.9}{\376\377\000\040\142\020\176\351\213\304\133\232\210\150\000\040}{chapter.3}% 26
\BOOKMARK [1][-]{section.3.10}{\376\377\173\124\217\251\213\260\137\125}{chapter.3}% 27
\BOOKMARK [1][-]{section.3.11}{\376\377\213\272\145\207\166\370\117\074\140\047\222\164\133\232\142\245\124\112}{chapter.3}% 28
\BOOKMARK [0][-]{chapter.4}{\376\377\121\166\116\326\211\201\154\102}{}% 29
\BOOKMARK [1][-]{section.4.1}{\376\377\145\207\133\127}{chapter.4}% 30
\BOOKMARK [1][-]{section.4.2}{\376\377\210\150\150\074}{chapter.4}% 31
\BOOKMARK [1][-]{section.4.3}{\376\377\126\376}{chapter.4}% 32
\BOOKMARK [1][-]{section.4.4}{\376\377\121\154\137\017}{chapter.4}% 33
\BOOKMARK [1][-]{section.4.5}{\376\377\145\160\133\127\165\050\154\325}{chapter.4}% 34
\BOOKMARK [0][-]{section.4.5}{\376\377\123\302\200\003\145\207\163\056\000\040}{}% 35
\BOOKMARK [0][-]{chapter*.7}{\376\377\226\104\137\125\000A\000\040}{}% 36
\BOOKMARK [0][-]{section*.8}{\376\377\201\364\214\042}{}% 37
